<?xml version="1.0" encoding="UTF-8"?>
<!-- Generated by org.testng.reporters.JUnitXMLReporter -->
<testsuite hostname="DESKTOP-5U4E5L3" ignored="0" name="Default test" tests="3" failures="0" timestamp="2024-02-12T21:03:53 IST" time="0.181" errors="0">
  <testcase name="Loginpage" time="0.016" classname="test.AnnotationHelperAttribute"/>
  <testcase name="SignUppage" time="0.078" classname="test.AnnotationHelperAttribute"/>
  <testcase name="Homepage" time="0.002" classname="test.AnnotationHelperAttribute"/>
</testsuite> <!-- Default test -->
