<?xml version="1.0" encoding="UTF-8"?>
<!-- Generated by org.testng.reporters.JUnitXMLReporter -->
<testsuite hostname="DESKTOP-5U4E5L3" ignored="1" name="Car Loan" tests="3" failures="0" timestamp="2024-03-22T00:08:30 IST" time="0.031" errors="0">
  <testcase name="apiLogincarLoan" time="0.015" classname="test.Day3"/>
  <testcase name="group3" time="0.0" classname="test.Day3"/>
  <testcase name="webLogincarLoan" time="0.0" classname="test.Day3"/>
  <testcase name="mobileLogincarLoan" time="0.0" classname="test.Day3">
    <ignored/>
  </testcase> <!-- mobileLogincarLoan -->
</testsuite> <!-- Car Loan -->
