<?xml version="1.0" encoding="UTF-8"?>
<!-- Generated by org.testng.reporters.JUnitXMLReporter -->
<testsuite hostname="DESKTOP-5U4E5L3" ignored="1" name="Car Loan" tests="2" failures="0" timestamp="2024-02-10T14:35:25 IST" time="0.013" errors="0">
  <testcase name="apiLogincarLoan" time="0.004" classname="test.Day3"/>
  <testcase name="webLogincarLoan" time="0.002" classname="test.Day3"/>
  <testcase name="mobileLogincarLoan" time="0.0" classname="test.Day3">
    <ignored/>
  </testcase> <!-- mobileLogincarLoan -->
</testsuite> <!-- Car Loan -->
