<?xml version="1.0" encoding="UTF-8"?>
<!-- Generated by org.testng.reporters.JUnitXMLReporter -->
<testsuite hostname="DESKTOP-5U4E5L3" ignored="2" name="Personal Loan" tests="7" failures="0" timestamp="2024-03-22T00:08:30 IST" time="0.063" errors="0">
  <testcase name="add" time="0.015" classname="test.Day1"/>
  <testcase name="ass" time="0.0" classname="test.Day2"/>
  <testcase name="group2" time="0.0" classname="test.Day2"/>
  <testcase name="apiLoginHomeLoan" time="0.0" classname="test.Day4"/>
  <testcase name="group4" time="0.0" classname="test.Day4"/>
  <testcase name="mobileLoginHomeLoan" time="0.0" classname="test.Day4"/>
  <testcase name="webLoginHomeLoan" time="0.0" classname="test.Day4"/>
  <testcase name="substarct" time="0.0" classname="test.Day1">
    <ignored/>
  </testcase> <!-- substarct -->
  <testcase name="group1" time="0.0" classname="test.Day1">
    <ignored/>
  </testcase> <!-- group1 -->
</testsuite> <!-- Personal Loan -->
