<?xml version="1.0" encoding="UTF-8"?>
<!-- Generated by org.testng.reporters.JUnitXMLReporter -->
<testsuite hostname="DESKTOP-5U4E5L3" ignored="1" name="Personal Loan" tests="5" failures="0" timestamp="2024-02-10T14:35:25 IST" time="0.071" errors="0">
  <testcase name="add" time="0.01" classname="test.Day1"/>
  <testcase name="ass" time="0.002" classname="test.Day2"/>
  <testcase name="apiLoginHomeLoan" time="0.002" classname="test.Day4"/>
  <testcase name="mobileLoginHomeLoan" time="0.002" classname="test.Day4"/>
  <testcase name="webLoginHomeLoan" time="0.001" classname="test.Day4"/>
  <testcase name="substarct" time="0.0" classname="test.Day1">
    <ignored/>
  </testcase> <!-- substarct -->
</testsuite> <!-- Personal Loan -->
