<?xml version="1.0" encoding="UTF-8"?>
<!-- Generated by org.testng.reporters.JUnitXMLReporter -->
<testsuite hostname="DESKTOP-5U4E5L3" ignored="3" name="Study Loan" tests="3" failures="0" timestamp="2024-02-10T14:35:25 IST" time="0.014" errors="0">
  <testcase name="MobileLoginHomePage" time="0.005" classname="test.Day5"/>
  <testcase name="MobileLoginSignInPage" time="0.002" classname="test.Day5"/>
  <testcase name="MobileLoginSignUpPage" time="0.001" classname="test.Day5"/>
  <testcase name="WebLoginSignUpPage" time="0.0" classname="test.Day5">
    <ignored/>
  </testcase> <!-- WebLoginSignUpPage -->
  <testcase name="WebLoginSignInPage" time="0.0" classname="test.Day5">
    <ignored/>
  </testcase> <!-- WebLoginSignInPage -->
  <testcase name="WebLoginHomePage" time="0.0" classname="test.Day5">
    <ignored/>
  </testcase> <!-- WebLoginHomePage -->
</testsuite> <!-- Study Loan -->
