<?xml version="1.0" encoding="UTF-8"?>
<!-- Generated by org.testng.reporters.JUnitXMLReporter -->
<testsuite hostname="DESKTOP-5U4E5L3" ignored="4" name="Study Loan" tests="3" failures="0" timestamp="2024-03-22T00:08:30 IST" time="0.016" errors="0">
  <testcase name="MobileLoginHomePage" time="0.0" classname="test.Day5"/>
  <testcase name="MobileLoginSignInPage" time="0.0" classname="test.Day5"/>
  <testcase name="MobileLoginSignUpPage" time="0.0" classname="test.Day5"/>
  <testcase name="WebLoginSignUpPage" time="0.0" classname="test.Day5">
    <ignored/>
  </testcase> <!-- WebLoginSignUpPage -->
  <testcase name="WebLoginSignInPage" time="0.0" classname="test.Day5">
    <ignored/>
  </testcase> <!-- WebLoginSignInPage -->
  <testcase name="WebLoginHomePage" time="0.0" classname="test.Day5">
    <ignored/>
  </testcase> <!-- WebLoginHomePage -->
  <testcase name="group5" time="0.0" classname="test.Day5">
    <ignored/>
  </testcase> <!-- group5 -->
</testsuite> <!-- Study Loan -->
