<?xml version="1.0" encoding="UTF-8"?>
<testng-results skipped="0" failed="0" ignored="0" total="2" passed="2">
  <reporter-output>
  </reporter-output>
  <suite name="Default suite" duration-ms="71" started-at="2024-02-16T01:59:25 IST" finished-at="2024-02-16T01:59:25 IST">
    <groups>
    </groups>
    <test name="Default test" duration-ms="71" started-at="2024-02-16T01:59:25 IST" finished-at="2024-02-16T01:59:25 IST">
      <class name="test.childtestNgboilerplate">
        <test-method status="PASS" signature="beforeMethod()[pri:0, instance:test.childtestNgboilerplate@5d76b067]" name="beforeMethod" is-config="true" duration-ms="0" started-at="2024-02-16T01:59:25 IST" finished-at="2024-02-16T01:59:25 IST">
          <reporter-output>
          </reporter-output>
        </test-method> <!-- beforeMethod -->
        <test-method status="PASS" signature="childMethod2()[pri:0, instance:test.childtestNgboilerplate@5d76b067]" name="childMethod2" duration-ms="0" started-at="2024-02-16T01:59:25 IST" finished-at="2024-02-16T01:59:25 IST">
          <reporter-output>
          </reporter-output>
        </test-method> <!-- childMethod2 -->
        <test-method status="PASS" signature="beforeMethod()[pri:0, instance:test.childtestNgboilerplate@5d76b067]" name="beforeMethod" is-config="true" duration-ms="0" started-at="2024-02-16T01:59:25 IST" finished-at="2024-02-16T01:59:25 IST">
          <reporter-output>
          </reporter-output>
        </test-method> <!-- beforeMethod -->
        <test-method status="PASS" signature="childMethod1()[pri:0, instance:test.childtestNgboilerplate@5d76b067]" name="childMethod1" duration-ms="0" started-at="2024-02-16T01:59:25 IST" finished-at="2024-02-16T01:59:25 IST">
          <reporter-output>
          </reporter-output>
        </test-method> <!-- childMethod1 -->
        <test-method status="PASS" signature="afterMethod()[pri:0, instance:test.childtestNgboilerplate@5d76b067]" name="afterMethod" is-config="true" duration-ms="16" started-at="2024-02-16T01:59:25 IST" finished-at="2024-02-16T01:59:25 IST">
          <reporter-output>
          </reporter-output>
        </test-method> <!-- afterMethod -->
        <test-method status="PASS" signature="afterMethod()[pri:0, instance:test.childtestNgboilerplate@5d76b067]" name="afterMethod" is-config="true" duration-ms="0" started-at="2024-02-16T01:59:25 IST" finished-at="2024-02-16T01:59:25 IST">
          <reporter-output>
          </reporter-output>
        </test-method> <!-- afterMethod -->
      </class> <!-- test.childtestNgboilerplate -->
    </test> <!-- Default test -->
  </suite> <!-- Default suite -->
</testng-results>
