<?xml version="1.0" encoding="UTF-8"?>
<!-- Generated by org.testng.reporters.JUnitXMLReporter -->
<testsuite hostname="DESKTOP-5U4E5L3" ignored="0" name=" Smoke Regression" tests="4" failures="1" timestamp="2024-02-14T02:59:29 IST" time="0.073" errors="0">
  <testcase name="m1" time="0.01" classname="test.ListnersTest"/>
  <testcase name="m2" time="0.002" classname="test.ListnersTest"/>
  <testcase name="m3" time="0.005" classname="test.ListnersTest">
    <failure type="java.lang.AssertionError" message="expected [true] but found [false]">
      <![CDATA[java.lang.AssertionError: expected [true] but found [false]
at test.ListnersTest.m3(ListnersTest.java:25)
at java.util.ArrayList.forEach(Unknown Source)
at java.util.concurrent.FutureTask.run(Unknown Source)
at java.util.concurrent.ThreadPoolExecutor.runWorker(Unknown Source)
at java.util.concurrent.ThreadPoolExecutor$Worker.run(Unknown Source)
at java.lang.Thread.run(Unknown Source)
... Removed 22 stack frames]]>
    </failure>
  </testcase> <!-- m3 -->
  <testcase name="develope" time="0.001" classname="test.Day9"/>
</testsuite> <!--  Smoke Regression -->
