<?xml version="1.0" encoding="UTF-8"?>
<!-- Generated by org.testng.reporters.JUnitXMLReporter -->
<testsuite hostname="DESKTOP-5U4E5L3" ignored="0" name=" Smoke Regression" tests="3" failures="1" timestamp="2024-02-14T02:39:54 IST" time="0.092" errors="0">
  <testcase name="m1" time="0.013" classname="test.ListnersTest"/>
  <testcase name="m2" time="0.004" classname="test.ListnersTest"/>
  <testcase name="m3" time="0.007" classname="test.ListnersTest">
    <failure type="java.lang.AssertionError" message="expected [true] but found [false]">
      <![CDATA[java.lang.AssertionError: expected [true] but found [false]
at test.ListnersTest.m3(ListnersTest.java:25)
at java.util.ArrayList.forEach(Unknown Source)
... Removed 31 stack frames]]>
    </failure>
  </testcase> <!-- m3 -->
</testsuite> <!--  Smoke Regression -->
